                ;**************************************************************
                ;
                ;                CHARACTER TABLE OF DATA FOR CHAR
                ;                VERSION         1A
                ;
                ;
                         .TITLE  CHRTAB 
                         .GLOBL  CHRTAB 
         000000          .CSECT
  000000 177777 CHRTAB:  .WORD   177777,177777,000377     ;ERROR  037
  000002 177777
  000004 000377
                     
  000006 000000          .WORD   000000,000000,000000    ;SPACE  040
  000010 000000
  000012 000000
                
  000014 000000          .WORD   000000,000175,000000    ;!      042 
  000016 000175
  000020 000000
                
  000022 070000          .WORD   070000,070000,000000    ;"      042 
  000024 070000
  000026 000000
                
  000030 077424          .WORD   077424,077424,000024    ;#      043
  000032 077424
  000034 000024
                
  000036 025022          .WORD   025022,025177,000044    ;$      044
  000040 025177
  000042 000044
                
  000044 062142          .WORD   062142,011410,000043    ;%      045
  000046 011410
  000050 000043
                
  000052 044466          .WORD   044466,001065,000005    ;&      046 
  000054 001065
  000056 000005
                
  000060 000000          .WORD   000000,000160,000000    ;'      047
  000062 000160
  000064 000000
                
  000066 021034          .WORD   021034,000101,000000    ;(      050
  000070 000101
  000072 000000
                
  000074 000000          .WORD   000000,021101,000034    ;)      051
  000076 021101
  000100 000034
                
  000102 012042          .WORD   012042,012177,000042    ;*      052 
  000104 012177
  000106 000042

                        PAGE    001

                
  000110 004010          .WORD   004010,004076,000010    ;+      053
  000112 004076
  000114 000010
                
  000116 000400          .WORD   000400,000006,000000    ;,      054
  000120 000006
  000122 000000
                
  000124 004010          .WORD   004010,004010,000010    ;-      055 
  000126 004010
  000130 000010
                
  000132 000000          .WORD   000000,000001,000000    ;.      056
  000134 000001
  000136 000000
                
  000140 002002          .WORD   002002,010010,000040    ;/      057
  000142 010010
  000144 000040
                
  000146 042476          .WORD   042476,050511,000076    ;0      060 
  000150 050511
  000152 000076
                
  000154 020400          .WORD   020400,000577,000000    ;1      061 
  000156 000577
  000160 000000
                
  000162 042443          .WORD   042443,044511,000061    ;2      062 
  000164 044511
  000166 000061
                
  000170 040502          .WORD   040502,054511,000146    ;3      063 
  000172 054511
  000174 000146
                
  000176 012014          .WORD   012014,077444,000004    ;4      064 
  000200 077444
  000202 000004
                
  000204 050562          .WORD   050562,050521,000116    ;5      065 
  000206 050521
  000210 000116
                
  000212 024436          .WORD   024436,044511,000106    ;6      066 
  000214 044511
  000216 000106
                
  000220 043500          .WORD   043500,050110,000140    ;7      067 
  000222 050110
  000224 000140
                
  000226 044466          .WORD   044466,044511,000066    ;8      070
  000230 044511
  000232 000066

                        PAGE    002

                
  000234 044461          .WORD   044461,045111,000074    ;9      071 
  000236 045111
  000240 000074
                
  000242 000000          .WORD   000000,000024,000000    ;:      072
  000244 000024
  000246 000000
                
  000250 000400          .WORD   000400,000026,000000    ;;      073
  000252 000026
  000254 000000
                
  000256 012010          .WORD   012010,040442,000000    ;<      074 
  000260 040442
  000262 000000
                
  000264 012024          .WORD   012024,012024,000024    ;=      075
  000266 012024
  000270 000024
                
  000272 040400          .WORD   040400,012042,000010    ;>      076
  000274 012042
  000276 000010
                
  000300 040040          .WORD   040040,050115,000040    ;?      077 
  000302 050115
  000304 000040
                
  000306 040476          .WORD   040476,046535,000071    ;@      100
  000310 046535
  000312 000071
                
  000314 022037          .WORD   022037,022104,000037    ;A      101
  000316 022104
  000320 000037
                
  000322 044577          .WORD   044577,044511,000066    ;B      102 
  000324 044511
  000326 000066
                
  000330 040476          .WORD   040476,040501,000042    ;C      103
  000332 040501
  000334 000042
                
  000336 040577          .WORD   040577,040501,000076    ;D      104
  000340 040501
  000342 000076
                
  000344 044577          .WORD   044577,044511,000101    ;E      105
  000346 044511
  000350 000101
                
  000352 044177          .WORD   044177,044110,000100    ;F      106
  000354 044110
  000356 000100

                        PAGE    003

                
  000360 040476          .WORD   040476,042501,000107    ;G      107
  000362 042501
  000364 000107
                
  000366 004177          .WORD   004177,004010,000177    ;H      110
  000370 004010
  000372 000177
                
  000374 040400          .WORD   040400,040577,000000    ;I      111
  000376 040577
  000400 000000
                
  000402 000402          .WORD   000402,000401,000176    ;J      112
  000404 000401
  000406 000176
                
  000410 004177          .WORD   004177,021024,000101    ;K      113
  000412 021024
  000414 000101
                
  000416 000577          .WORD   000577,000401,000001    ;L      114 
  000420 000401
  000422 000001
                
  000424 020177          .WORD   020177,020030,000177    ;M      115 
  000426 020030
  000430 000177
                
  000432 010177          .WORD   010177,002010,000177    ;N      116
  000434 002010
  000436 000177
                
  000440 040476          .WORD   040476,040501,000076    ;O      117
  000442 040501
  000444 000076
                
  000446 044177          .WORD   044177,044110,000060    ;P      120
  000450 044110
  000452 000060
                
  000454 040476          .WORD   040476,041105,000075    ;Q      121
  000456 041105
  000460 000075
                
  000462 044177          .WORD   044177,045114,000061    ;R      122
  000464 045114
  000466 000061
                
  000470 044462          .WORD   044462,044511,000046    ;S      123 
  000472 044511
  000474 000046
                
  000476 040100          .WORD   040100,040177,000100    ;T      124
  000500 040177
  000502 000100

                        PAGE    004

                
  000504 000576          .WORD   000576,000401,000176    ;U      125 
  000506 000401
  000510 000176
                
  000512 001174          .WORD   001174,001001,000174    ;V      126
  000514 001001
  000516 000174
                
  000520 001177          .WORD   001177,001014,000177    ;W      127
  000522 001014
  000524 000177
                
  000526 012143          .WORD   012143,012010,000143    ;X      130 
  000530 012010
  000532 000143
                
  000534 010140          .WORD   010140,010017,000140    ;Y      131 
  000536 010017
  000540 000140
                
  000542 042503          .WORD   042503,050511,000141    ;Z      132
  000544 050511
  000546 000141
                
  000550 077577          .WORD   077577,040501,000101    ;[      133
  000552 040501
  000554 000101
                
  000556 010040          .WORD   010040,002010,000002    ;\      134
  000560 002010
  000562 000002
                
  000564 040501          .WORD   040501,077501,000177    ;]      135
  000566 077501
  000570 000177
                
  000572 004004          .WORD   004004,004020,000004    ;^      136
  000574 004020
  000576 000004
                
  000600 000401          .WORD   000401,000401,000001    ;_      137
  000602 000401
  000604 000001
                
         000001          .END

                        PAGE    005

